<?xml version="1.0" encoding="UTF-8"?>
<testsuite xmlns:xsi="http://www.w3.org/2001/XMLSchema-instance" xsi:noNamespaceSchemaLocation="https://maven.apache.org/surefire/maven-surefire-plugin/xsd/surefire-test-report.xsd" name="com.miaoshaproject.AppTest" time="0.024" tests="1" errors="0" skipped="0" failures="0">
  <properties>
    <property name="sun.desktop" value="windows"/>
    <property name="awt.toolkit" value="sun.awt.windows.WToolkit"/>
    <property name="file.encoding.pkg" value="sun.io"/>
    <property name="java.specification.version" value="1.8"/>
    <property name="sun.cpu.isalist" value="amd64"/>
    <property name="sun.jnu.encoding" value="GBK"/>
    <property name="java.class.path" value="D:\求职\miaosha\target\test-classes;D:\求职\miaosha\target\classes;D:\eclipse\apache-maven-3.6.3\maven-repo\junit\junit\4.11\junit-4.11.jar;D:\eclipse\apache-maven-3.6.3\maven-repo\org\hamcrest\hamcrest-core\2.2\hamcrest-core-2.2.jar;D:\eclipse\apache-maven-3.6.3\maven-repo\org\hamcrest\hamcrest\2.2\hamcrest-2.2.jar;D:\eclipse\apache-maven-3.6.3\maven-repo\org\springframework\boot\spring-boot-starter-web\2.5.5\spring-boot-starter-web-2.5.5.jar;D:\eclipse\apache-maven-3.6.3\maven-repo\org\springframework\boot\spring-boot-starter\2.5.5\spring-boot-starter-2.5.5.jar;D:\eclipse\apache-maven-3.6.3\maven-repo\org\springframework\boot\spring-boot\2.5.5\spring-boot-2.5.5.jar;D:\eclipse\apache-maven-3.6.3\maven-repo\org\springframework\boot\spring-boot-autoconfigure\2.5.5\spring-boot-autoconfigure-2.5.5.jar;D:\eclipse\apache-maven-3.6.3\maven-repo\org\springframework\boot\spring-boot-starter-logging\2.5.5\spring-boot-starter-logging-2.5.5.jar;D:\eclipse\apache-maven-3.6.3\maven-repo\ch\qos\logback\logback-classic\1.2.6\logback-classic-1.2.6.jar;D:\eclipse\apache-maven-3.6.3\maven-repo\ch\qos\logback\logback-core\1.2.6\logback-core-1.2.6.jar;D:\eclipse\apache-maven-3.6.3\maven-repo\org\apache\logging\log4j\log4j-to-slf4j\2.14.1\log4j-to-slf4j-2.14.1.jar;D:\eclipse\apache-maven-3.6.3\maven-repo\org\apache\logging\log4j\log4j-api\2.14.1\log4j-api-2.14.1.jar;D:\eclipse\apache-maven-3.6.3\maven-repo\org\slf4j\jul-to-slf4j\1.7.32\jul-to-slf4j-1.7.32.jar;D:\eclipse\apache-maven-3.6.3\maven-repo\jakarta\annotation\jakarta.annotation-api\1.3.5\jakarta.annotation-api-1.3.5.jar;D:\eclipse\apache-maven-3.6.3\maven-repo\org\springframework\spring-core\5.3.10\spring-core-5.3.10.jar;D:\eclipse\apache-maven-3.6.3\maven-repo\org\yaml\snakeyaml\1.28\snakeyaml-1.28.jar;D:\eclipse\apache-maven-3.6.3\maven-repo\org\springframework\boot\spring-boot-starter-json\2.5.5\spring-boot-starter-json-2.5.5.jar;D:\eclipse\apache-maven-3.6.3\maven-repo\com\fasterxml\jackson\core\jackson-databind\2.12.5\jackson-databind-2.12.5.jar;D:\eclipse\apache-maven-3.6.3\maven-repo\com\fasterxml\jackson\core\jackson-annotations\2.12.5\jackson-annotations-2.12.5.jar;D:\eclipse\apache-maven-3.6.3\maven-repo\com\fasterxml\jackson\core\jackson-core\2.12.5\jackson-core-2.12.5.jar;D:\eclipse\apache-maven-3.6.3\maven-repo\com\fasterxml\jackson\datatype\jackson-datatype-jdk8\2.12.5\jackson-datatype-jdk8-2.12.5.jar;D:\eclipse\apache-maven-3.6.3\maven-repo\com\fasterxml\jackson\datatype\jackson-datatype-jsr310\2.12.5\jackson-datatype-jsr310-2.12.5.jar;D:\eclipse\apache-maven-3.6.3\maven-repo\com\fasterxml\jackson\module\jackson-module-parameter-names\2.12.5\jackson-module-parameter-names-2.12.5.jar;D:\eclipse\apache-maven-3.6.3\maven-repo\org\springframework\boot\spring-boot-starter-tomcat\2.5.5\spring-boot-starter-tomcat-2.5.5.jar;D:\eclipse\apache-maven-3.6.3\maven-repo\org\apache\tomcat\embed\tomcat-embed-core\9.0.53\tomcat-embed-core-9.0.53.jar;D:\eclipse\apache-maven-3.6.3\maven-repo\org\apache\tomcat\embed\tomcat-embed-el\9.0.53\tomcat-embed-el-9.0.53.jar;D:\eclipse\apache-maven-3.6.3\maven-repo\org\apache\tomcat\embed\tomcat-embed-websocket\9.0.53\tomcat-embed-websocket-9.0.53.jar;D:\eclipse\apache-maven-3.6.3\maven-repo\org\springframework\spring-web\5.3.10\spring-web-5.3.10.jar;D:\eclipse\apache-maven-3.6.3\maven-repo\org\springframework\spring-beans\5.3.10\spring-beans-5.3.10.jar;D:\eclipse\apache-maven-3.6.3\maven-repo\org\springframework\spring-webmvc\5.3.10\spring-webmvc-5.3.10.jar;D:\eclipse\apache-maven-3.6.3\maven-repo\org\springframework\spring-aop\5.3.10\spring-aop-5.3.10.jar;D:\eclipse\apache-maven-3.6.3\maven-repo\org\springframework\spring-context\5.3.10\spring-context-5.3.10.jar;D:\eclipse\apache-maven-3.6.3\maven-repo\org\springframework\spring-expression\5.3.10\spring-expression-5.3.10.jar;D:\eclipse\apache-maven-3.6.3\maven-repo\mysql\mysql-connector-java\5.1.41\mysql-connector-java-5.1.41.jar;D:\eclipse\apache-maven-3.6.3\maven-repo\com\alibaba\druid\1.1.3\druid-1.1.3.jar;D:\eclipse\eclipse\jre\..\lib\jconsole.jar;D:\eclipse\eclipse\jre\..\lib\tools.jar;D:\eclipse\apache-maven-3.6.3\maven-repo\org\mybatis\spring\boot\mybatis-spring-boot-starter\1.3.1\mybatis-spring-boot-starter-1.3.1.jar;D:\eclipse\apache-maven-3.6.3\maven-repo\org\springframework\boot\spring-boot-starter-jdbc\2.5.5\spring-boot-starter-jdbc-2.5.5.jar;D:\eclipse\apache-maven-3.6.3\maven-repo\com\zaxxer\HikariCP\4.0.3\HikariCP-4.0.3.jar;D:\eclipse\apache-maven-3.6.3\maven-repo\org\springframework\spring-jdbc\5.3.10\spring-jdbc-5.3.10.jar;D:\eclipse\apache-maven-3.6.3\maven-repo\org\mybatis\spring\boot\mybatis-spring-boot-autoconfigure\1.3.1\mybatis-spring-boot-autoconfigure-1.3.1.jar;D:\eclipse\apache-maven-3.6.3\maven-repo\org\mybatis\mybatis\3.4.5\mybatis-3.4.5.jar;D:\eclipse\apache-maven-3.6.3\maven-repo\org\mybatis\mybatis-spring\1.3.1\mybatis-spring-1.3.1.jar;D:\eclipse\apache-maven-3.6.3\maven-repo\org\mybatis\generator\mybatis-generator-core\1.3.5\mybatis-generator-core-1.3.5.jar;D:\eclipse\apache-maven-3.6.3\maven-repo\org\apache\commons\commons-lang3\3.7\commons-lang3-3.7.jar;D:\eclipse\apache-maven-3.6.3\maven-repo\org\hibernate\hibernate-validator\5.2.4.Final\hibernate-validator-5.2.4.Final.jar;D:\eclipse\apache-maven-3.6.3\maven-repo\javax\validation\validation-api\2.0.1.Final\validation-api-2.0.1.Final.jar;D:\eclipse\apache-maven-3.6.3\maven-repo\org\jboss\logging\jboss-logging\3.4.2.Final\jboss-logging-3.4.2.Final.jar;D:\eclipse\apache-maven-3.6.3\maven-repo\com\fasterxml\classmate\1.5.1\classmate-1.5.1.jar;D:\eclipse\apache-maven-3.6.3\maven-repo\joda-time\joda-time\2.9.1\joda-time-2.9.1.jar;D:\eclipse\apache-maven-3.6.3\maven-repo\org\springframework\boot\spring-boot-starter-data-redis\2.5.5\spring-boot-starter-data-redis-2.5.5.jar;D:\eclipse\apache-maven-3.6.3\maven-repo\org\springframework\data\spring-data-redis\2.5.5\spring-data-redis-2.5.5.jar;D:\eclipse\apache-maven-3.6.3\maven-repo\org\springframework\data\spring-data-keyvalue\2.5.5\spring-data-keyvalue-2.5.5.jar;D:\eclipse\apache-maven-3.6.3\maven-repo\org\springframework\data\spring-data-commons\2.5.5\spring-data-commons-2.5.5.jar;D:\eclipse\apache-maven-3.6.3\maven-repo\org\springframework\spring-tx\5.3.10\spring-tx-5.3.10.jar;D:\eclipse\apache-maven-3.6.3\maven-repo\org\springframework\spring-oxm\5.3.10\spring-oxm-5.3.10.jar;D:\eclipse\apache-maven-3.6.3\maven-repo\org\springframework\spring-context-support\5.3.10\spring-context-support-5.3.10.jar;D:\eclipse\apache-maven-3.6.3\maven-repo\org\slf4j\slf4j-api\1.7.32\slf4j-api-1.7.32.jar;D:\eclipse\apache-maven-3.6.3\maven-repo\io\lettuce\lettuce-core\6.1.5.RELEASE\lettuce-core-6.1.5.RELEASE.jar;D:\eclipse\apache-maven-3.6.3\maven-repo\io\netty\netty-common\4.1.68.Final\netty-common-4.1.68.Final.jar;D:\eclipse\apache-maven-3.6.3\maven-repo\io\netty\netty-handler\4.1.68.Final\netty-handler-4.1.68.Final.jar;D:\eclipse\apache-maven-3.6.3\maven-repo\io\netty\netty-resolver\4.1.68.Final\netty-resolver-4.1.68.Final.jar;D:\eclipse\apache-maven-3.6.3\maven-repo\io\netty\netty-buffer\4.1.68.Final\netty-buffer-4.1.68.Final.jar;D:\eclipse\apache-maven-3.6.3\maven-repo\io\netty\netty-codec\4.1.68.Final\netty-codec-4.1.68.Final.jar;D:\eclipse\apache-maven-3.6.3\maven-repo\io\netty\netty-transport\4.1.68.Final\netty-transport-4.1.68.Final.jar;D:\eclipse\apache-maven-3.6.3\maven-repo\io\projectreactor\reactor-core\3.4.10\reactor-core-3.4.10.jar;D:\eclipse\apache-maven-3.6.3\maven-repo\org\reactivestreams\reactive-streams\1.0.3\reactive-streams-1.0.3.jar;D:\eclipse\apache-maven-3.6.3\maven-repo\org\springframework\session\spring-session-data-redis\2.5.5\spring-session-data-redis-2.5.5.jar;D:\eclipse\apache-maven-3.6.3\maven-repo\org\springframework\session\spring-session-core\2.5.2\spring-session-core-2.5.2.jar;D:\eclipse\apache-maven-3.6.3\maven-repo\org\springframework\spring-jcl\5.3.10\spring-jcl-5.3.10.jar;"/>
    <property name="java.vm.vendor" value="Oracle Corporation"/>
    <property name="sun.arch.data.model" value="64"/>
    <property name="user.variant" value=""/>
    <property name="java.vendor.url" value="http://java.oracle.com/"/>
    <property name="user.timezone" value=""/>
    <property name="java.vm.specification.version" value="1.8"/>
    <property name="os.name" value="Windows 10"/>
    <property name="user.country" value="CN"/>
    <property name="sun.java.launcher" value="SUN_STANDARD"/>
    <property name="sun.boot.library.path" value="D:\eclipse\eclipse\jre\bin"/>
    <property name="sun.java.command" value="C:\Users\GaoXiang\AppData\Local\Temp\surefire2052522456003150327\surefirebooter933598085780064973.jar C:\Users\GaoXiang\AppData\Local\Temp\surefire2052522456003150327 2022-05-15T16-59-51_413-jvmRun1 surefire3336371272051387129tmp surefire_03698963227124615221tmp"/>
    <property name="surefire.test.class.path" value="D:\求职\miaosha\target\test-classes;D:\求职\miaosha\target\classes;D:\eclipse\apache-maven-3.6.3\maven-repo\junit\junit\4.11\junit-4.11.jar;D:\eclipse\apache-maven-3.6.3\maven-repo\org\hamcrest\hamcrest-core\2.2\hamcrest-core-2.2.jar;D:\eclipse\apache-maven-3.6.3\maven-repo\org\hamcrest\hamcrest\2.2\hamcrest-2.2.jar;D:\eclipse\apache-maven-3.6.3\maven-repo\org\springframework\boot\spring-boot-starter-web\2.5.5\spring-boot-starter-web-2.5.5.jar;D:\eclipse\apache-maven-3.6.3\maven-repo\org\springframework\boot\spring-boot-starter\2.5.5\spring-boot-starter-2.5.5.jar;D:\eclipse\apache-maven-3.6.3\maven-repo\org\springframework\boot\spring-boot\2.5.5\spring-boot-2.5.5.jar;D:\eclipse\apache-maven-3.6.3\maven-repo\org\springframework\boot\spring-boot-autoconfigure\2.5.5\spring-boot-autoconfigure-2.5.5.jar;D:\eclipse\apache-maven-3.6.3\maven-repo\org\springframework\boot\spring-boot-starter-logging\2.5.5\spring-boot-starter-logging-2.5.5.jar;D:\eclipse\apache-maven-3.6.3\maven-repo\ch\qos\logback\logback-classic\1.2.6\logback-classic-1.2.6.jar;D:\eclipse\apache-maven-3.6.3\maven-repo\ch\qos\logback\logback-core\1.2.6\logback-core-1.2.6.jar;D:\eclipse\apache-maven-3.6.3\maven-repo\org\apache\logging\log4j\log4j-to-slf4j\2.14.1\log4j-to-slf4j-2.14.1.jar;D:\eclipse\apache-maven-3.6.3\maven-repo\org\apache\logging\log4j\log4j-api\2.14.1\log4j-api-2.14.1.jar;D:\eclipse\apache-maven-3.6.3\maven-repo\org\slf4j\jul-to-slf4j\1.7.32\jul-to-slf4j-1.7.32.jar;D:\eclipse\apache-maven-3.6.3\maven-repo\jakarta\annotation\jakarta.annotation-api\1.3.5\jakarta.annotation-api-1.3.5.jar;D:\eclipse\apache-maven-3.6.3\maven-repo\org\springframework\spring-core\5.3.10\spring-core-5.3.10.jar;D:\eclipse\apache-maven-3.6.3\maven-repo\org\yaml\snakeyaml\1.28\snakeyaml-1.28.jar;D:\eclipse\apache-maven-3.6.3\maven-repo\org\springframework\boot\spring-boot-starter-json\2.5.5\spring-boot-starter-json-2.5.5.jar;D:\eclipse\apache-maven-3.6.3\maven-repo\com\fasterxml\jackson\core\jackson-databind\2.12.5\jackson-databind-2.12.5.jar;D:\eclipse\apache-maven-3.6.3\maven-repo\com\fasterxml\jackson\core\jackson-annotations\2.12.5\jackson-annotations-2.12.5.jar;D:\eclipse\apache-maven-3.6.3\maven-repo\com\fasterxml\jackson\core\jackson-core\2.12.5\jackson-core-2.12.5.jar;D:\eclipse\apache-maven-3.6.3\maven-repo\com\fasterxml\jackson\datatype\jackson-datatype-jdk8\2.12.5\jackson-datatype-jdk8-2.12.5.jar;D:\eclipse\apache-maven-3.6.3\maven-repo\com\fasterxml\jackson\datatype\jackson-datatype-jsr310\2.12.5\jackson-datatype-jsr310-2.12.5.jar;D:\eclipse\apache-maven-3.6.3\maven-repo\com\fasterxml\jackson\module\jackson-module-parameter-names\2.12.5\jackson-module-parameter-names-2.12.5.jar;D:\eclipse\apache-maven-3.6.3\maven-repo\org\springframework\boot\spring-boot-starter-tomcat\2.5.5\spring-boot-starter-tomcat-2.5.5.jar;D:\eclipse\apache-maven-3.6.3\maven-repo\org\apache\tomcat\embed\tomcat-embed-core\9.0.53\tomcat-embed-core-9.0.53.jar;D:\eclipse\apache-maven-3.6.3\maven-repo\org\apache\tomcat\embed\tomcat-embed-el\9.0.53\tomcat-embed-el-9.0.53.jar;D:\eclipse\apache-maven-3.6.3\maven-repo\org\apache\tomcat\embed\tomcat-embed-websocket\9.0.53\tomcat-embed-websocket-9.0.53.jar;D:\eclipse\apache-maven-3.6.3\maven-repo\org\springframework\spring-web\5.3.10\spring-web-5.3.10.jar;D:\eclipse\apache-maven-3.6.3\maven-repo\org\springframework\spring-beans\5.3.10\spring-beans-5.3.10.jar;D:\eclipse\apache-maven-3.6.3\maven-repo\org\springframework\spring-webmvc\5.3.10\spring-webmvc-5.3.10.jar;D:\eclipse\apache-maven-3.6.3\maven-repo\org\springframework\spring-aop\5.3.10\spring-aop-5.3.10.jar;D:\eclipse\apache-maven-3.6.3\maven-repo\org\springframework\spring-context\5.3.10\spring-context-5.3.10.jar;D:\eclipse\apache-maven-3.6.3\maven-repo\org\springframework\spring-expression\5.3.10\spring-expression-5.3.10.jar;D:\eclipse\apache-maven-3.6.3\maven-repo\mysql\mysql-connector-java\5.1.41\mysql-connector-java-5.1.41.jar;D:\eclipse\apache-maven-3.6.3\maven-repo\com\alibaba\druid\1.1.3\druid-1.1.3.jar;D:\eclipse\eclipse\jre\..\lib\jconsole.jar;D:\eclipse\eclipse\jre\..\lib\tools.jar;D:\eclipse\apache-maven-3.6.3\maven-repo\org\mybatis\spring\boot\mybatis-spring-boot-starter\1.3.1\mybatis-spring-boot-starter-1.3.1.jar;D:\eclipse\apache-maven-3.6.3\maven-repo\org\springframework\boot\spring-boot-starter-jdbc\2.5.5\spring-boot-starter-jdbc-2.5.5.jar;D:\eclipse\apache-maven-3.6.3\maven-repo\com\zaxxer\HikariCP\4.0.3\HikariCP-4.0.3.jar;D:\eclipse\apache-maven-3.6.3\maven-repo\org\springframework\spring-jdbc\5.3.10\spring-jdbc-5.3.10.jar;D:\eclipse\apache-maven-3.6.3\maven-repo\org\mybatis\spring\boot\mybatis-spring-boot-autoconfigure\1.3.1\mybatis-spring-boot-autoconfigure-1.3.1.jar;D:\eclipse\apache-maven-3.6.3\maven-repo\org\mybatis\mybatis\3.4.5\mybatis-3.4.5.jar;D:\eclipse\apache-maven-3.6.3\maven-repo\org\mybatis\mybatis-spring\1.3.1\mybatis-spring-1.3.1.jar;D:\eclipse\apache-maven-3.6.3\maven-repo\org\mybatis\generator\mybatis-generator-core\1.3.5\mybatis-generator-core-1.3.5.jar;D:\eclipse\apache-maven-3.6.3\maven-repo\org\apache\commons\commons-lang3\3.7\commons-lang3-3.7.jar;D:\eclipse\apache-maven-3.6.3\maven-repo\org\hibernate\hibernate-validator\5.2.4.Final\hibernate-validator-5.2.4.Final.jar;D:\eclipse\apache-maven-3.6.3\maven-repo\javax\validation\validation-api\2.0.1.Final\validation-api-2.0.1.Final.jar;D:\eclipse\apache-maven-3.6.3\maven-repo\org\jboss\logging\jboss-logging\3.4.2.Final\jboss-logging-3.4.2.Final.jar;D:\eclipse\apache-maven-3.6.3\maven-repo\com\fasterxml\classmate\1.5.1\classmate-1.5.1.jar;D:\eclipse\apache-maven-3.6.3\maven-repo\joda-time\joda-time\2.9.1\joda-time-2.9.1.jar;D:\eclipse\apache-maven-3.6.3\maven-repo\org\springframework\boot\spring-boot-starter-data-redis\2.5.5\spring-boot-starter-data-redis-2.5.5.jar;D:\eclipse\apache-maven-3.6.3\maven-repo\org\springframework\data\spring-data-redis\2.5.5\spring-data-redis-2.5.5.jar;D:\eclipse\apache-maven-3.6.3\maven-repo\org\springframework\data\spring-data-keyvalue\2.5.5\spring-data-keyvalue-2.5.5.jar;D:\eclipse\apache-maven-3.6.3\maven-repo\org\springframework\data\spring-data-commons\2.5.5\spring-data-commons-2.5.5.jar;D:\eclipse\apache-maven-3.6.3\maven-repo\org\springframework\spring-tx\5.3.10\spring-tx-5.3.10.jar;D:\eclipse\apache-maven-3.6.3\maven-repo\org\springframework\spring-oxm\5.3.10\spring-oxm-5.3.10.jar;D:\eclipse\apache-maven-3.6.3\maven-repo\org\springframework\spring-context-support\5.3.10\spring-context-support-5.3.10.jar;D:\eclipse\apache-maven-3.6.3\maven-repo\org\slf4j\slf4j-api\1.7.32\slf4j-api-1.7.32.jar;D:\eclipse\apache-maven-3.6.3\maven-repo\io\lettuce\lettuce-core\6.1.5.RELEASE\lettuce-core-6.1.5.RELEASE.jar;D:\eclipse\apache-maven-3.6.3\maven-repo\io\netty\netty-common\4.1.68.Final\netty-common-4.1.68.Final.jar;D:\eclipse\apache-maven-3.6.3\maven-repo\io\netty\netty-handler\4.1.68.Final\netty-handler-4.1.68.Final.jar;D:\eclipse\apache-maven-3.6.3\maven-repo\io\netty\netty-resolver\4.1.68.Final\netty-resolver-4.1.68.Final.jar;D:\eclipse\apache-maven-3.6.3\maven-repo\io\netty\netty-buffer\4.1.68.Final\netty-buffer-4.1.68.Final.jar;D:\eclipse\apache-maven-3.6.3\maven-repo\io\netty\netty-codec\4.1.68.Final\netty-codec-4.1.68.Final.jar;D:\eclipse\apache-maven-3.6.3\maven-repo\io\netty\netty-transport\4.1.68.Final\netty-transport-4.1.68.Final.jar;D:\eclipse\apache-maven-3.6.3\maven-repo\io\projectreactor\reactor-core\3.4.10\reactor-core-3.4.10.jar;D:\eclipse\apache-maven-3.6.3\maven-repo\org\reactivestreams\reactive-streams\1.0.3\reactive-streams-1.0.3.jar;D:\eclipse\apache-maven-3.6.3\maven-repo\org\springframework\session\spring-session-data-redis\2.5.5\spring-session-data-redis-2.5.5.jar;D:\eclipse\apache-maven-3.6.3\maven-repo\org\springframework\session\spring-session-core\2.5.2\spring-session-core-2.5.2.jar;D:\eclipse\apache-maven-3.6.3\maven-repo\org\springframework\spring-jcl\5.3.10\spring-jcl-5.3.10.jar;"/>
    <property name="sun.cpu.endian" value="little"/>
    <property name="user.home" value="C:\Users\GaoXiang"/>
    <property name="user.language" value="zh"/>
    <property name="java.specification.vendor" value="Oracle Corporation"/>
    <property name="java.home" value="D:\eclipse\eclipse\jre"/>
    <property name="basedir" value="D:\求职\miaosha"/>
    <property name="file.separator" value="\"/>
    <property name="line.separator" value="&#10;"/>
    <property name="java.vm.specification.vendor" value="Oracle Corporation"/>
    <property name="java.specification.name" value="Java Platform API Specification"/>
    <property name="java.awt.graphicsenv" value="sun.awt.Win32GraphicsEnvironment"/>
    <property name="surefire.real.class.path" value="C:\Users\GaoXiang\AppData\Local\Temp\surefire2052522456003150327\surefirebooter933598085780064973.jar"/>
    <property name="sun.boot.class.path" value="D:\eclipse\eclipse\jre\lib\resources.jar;D:\eclipse\eclipse\jre\lib\rt.jar;D:\eclipse\eclipse\jre\lib\sunrsasign.jar;D:\eclipse\eclipse\jre\lib\jsse.jar;D:\eclipse\eclipse\jre\lib\jce.jar;D:\eclipse\eclipse\jre\lib\charsets.jar;D:\eclipse\eclipse\jre\lib\jfr.jar;D:\eclipse\eclipse\jre\classes"/>
    <property name="user.script" value=""/>
    <property name="sun.management.compiler" value="HotSpot 64-Bit Tiered Compilers"/>
    <property name="java.runtime.version" value="1.8.0_271-b09"/>
    <property name="user.name" value="GaoXiang"/>
    <property name="path.separator" value=";"/>
    <property name="os.version" value="10.0"/>
    <property name="java.endorsed.dirs" value="D:\eclipse\eclipse\jre\lib\endorsed"/>
    <property name="java.runtime.name" value="Java(TM) SE Runtime Environment"/>
    <property name="file.encoding" value="GBK"/>
    <property name="java.vm.name" value="Java HotSpot(TM) 64-Bit Server VM"/>
    <property name="localRepository" value="D:\eclipse\apache-maven-3.6.3\maven-repo"/>
    <property name="java.vendor.url.bug" value="http://bugreport.sun.com/bugreport/"/>
    <property name="java.io.tmpdir" value="C:\Users\GaoXiang\AppData\Local\Temp\"/>
    <property name="java.version" value="1.8.0_271"/>
    <property name="user.dir" value="D:\求职\miaosha"/>
    <property name="os.arch" value="amd64"/>
    <property name="java.vm.specification.name" value="Java Virtual Machine Specification"/>
    <property name="java.awt.printerjob" value="sun.awt.windows.WPrinterJob"/>
    <property name="sun.os.patch.level" value=""/>
    <property name="java.library.path" value="D:\eclipse\eclipse\jre\bin;C:\Windows\Sun\Java\bin;C:\Windows\system32;C:\Windows;D:\Linux\xftp\xftp install\;D:\Linux\VM16_CN_x64\vmware16_install\bin\;C:\Program Files (x86)\Common Files\Oracle\Java\javapath;C:\Windows\system32;C:\Windows;C:\Windows\System32\Wbem;C:\Windows\System32\WindowsPowerShell\v1.0\;C:\Windows\System32\OpenSSH\;&quot;D:\eclipse\eclipse\bin;&quot;;D:\eclipse\tomcat\apache-tomcat-9.0.39\bin;D:\eclipse\mysql\mysql-5.7.10-winx64\bin;D:\python\python-3.9.0;D:\python\python-3.9.0\Scripts;D:\matlab\matlab2020a\runtime\win64;D:\matlab\matlab2020a\bin;D:\matlab\matlab2020a\polyspace\bin;D:\git\Git\cmd;D:\eclipse\apache-maven-3.6.3\bin;D:\cassandra\apache-cassandra-2.1.22-bin.tar\apache-cassandra-2.1.22-bin\apache-cassandra-2.1.22\bin;D:\Linux\xshell\;D:\eclipse\tomcat\apache-tomcat-9.0.45\bin;D:\software\tex\texlive\2021\bin\win32;D:\software\tex\ctex\UserData\miktex\bin;D:\software\tex\ctex\MiKTeX\miktex\bin;D:\software\tex\ctex\CTeX\ctex\bin;D:\software\tex\ctex\CTeX\cct\bin;D:\software\tex\ctex\CTeX\ty\bin;D:\software\tex\ctex\Ghostscript\gs9.05\bin;D:\software\tex\ctex\GSview\gsview;D:\software\tex\ctex\WinEdt;D:\software\tex\perl\c\bin;D:\software\tex\perl\perl\site\bin;D:\software\tex\perl\perl\bin;D:\software\Xming\putty\;C:\Users\GaoXiang\AppData\Local\Microsoft\WindowsApps;;."/>
    <property name="java.vm.info" value="mixed mode"/>
    <property name="java.vendor" value="Oracle Corporation"/>
    <property name="java.vm.version" value="25.271-b09"/>
    <property name="java.ext.dirs" value="D:\eclipse\eclipse\jre\lib\ext;C:\Windows\Sun\Java\lib\ext"/>
    <property name="sun.io.unicode.encoding" value="UnicodeLittle"/>
    <property name="java.class.version" value="52.0"/>
  </properties>
  <testcase name="shouldAnswerWithTrue" classname="com.miaoshaproject.AppTest" time="0"/>
</testsuite>